This file contains any messages produced by compilers while
running configure, to aid debugging if configure makes a mistake.

It was created by configure, which was
generated by GNU Autoconf 2.64.  Invocation command line was

  $ ./configure --prefix=/usr

## --------- ##
## Platform. ##
## --------- ##

hostname = presence1
uname -m = x86_64
uname -r = 4.4.0-127-generic
uname -s = Linux
uname -v = #153-Ubuntu SMP Sat May 19 10:58:46 UTC 2018

/usr/bin/uname -p = unknown
/bin/uname -X     = unknown

/bin/arch              = unknown
/usr/bin/arch -k       = unknown
/usr/convex/getsysinfo = unknown
/usr/bin/hostinfo      = unknown
/bin/machine           = unknown
/usr/bin/oslevel       = unknown
/bin/universe          = unknown

PATH: /home/companion/bin
PATH: /home/companion/.local/bin
PATH: /usr/local/sbin
PATH: /usr/local/bin
PATH: /usr/sbin
PATH: /usr/bin
PATH: /sbin
PATH: /bin
PATH: /usr/games
PATH: /usr/local/games
PATH: /snap/bin


## ----------- ##
## Core tests. ##
## ----------- ##

configure:2333: configuring gst-webcam-input for development with nano 1
configure:2373: checking whether to enable maintainer-specific portions of Makefiles
configure:2382: result: no
configure:2435: checking for a BSD-compatible install
configure:2503: result: /usr/bin/install -c
configure:2514: checking whether build environment is sane
configure:2564: result: yes
configure:2705: checking for a thread-safe mkdir -p
configure:2744: result: /bin/mkdir -p
configure:2757: checking for gawk
configure:2773: found /usr/bin/gawk
configure:2784: result: gawk
configure:2795: checking whether make sets $(MAKE)
configure:2817: result: yes
configure:2902: checking build system type
configure:2916: result: x86_64-unknown-linux-gnu
configure:2936: checking host system type
configure:2949: result: x86_64-unknown-linux-gnu
configure:3023: checking for style of include used by make
configure:3051: result: GNU
configure:3121: checking for gcc
configure:3137: found /usr/bin/gcc
configure:3148: result: gcc
configure:3377: checking for C compiler version
configure:3386: gcc --version >&5
gcc (Ubuntu 5.4.0-6ubuntu1~16.04.9) 5.4.0 20160609
Copyright (C) 2015 Free Software Foundation, Inc.
This is free software; see the source for copying conditions.  There is NO
warranty; not even for MERCHANTABILITY or FITNESS FOR A PARTICULAR PURPOSE.

configure:3397: $? = 0
configure:3386: gcc -v >&5
Using built-in specs.
COLLECT_GCC=gcc
COLLECT_LTO_WRAPPER=/usr/lib/gcc/x86_64-linux-gnu/5/lto-wrapper
Target: x86_64-linux-gnu
Configured with: ../src/configure -v --with-pkgversion='Ubuntu 5.4.0-6ubuntu1~16.04.9' --with-bugurl=file:///usr/share/doc/gcc-5/README.Bugs --enable-languages=c,ada,c++,java,go,d,fortran,objc,obj-c++ --prefix=/usr --program-suffix=-5 --enable-shared --enable-linker-build-id --libexecdir=/usr/lib --without-included-gettext --enable-threads=posix --libdir=/usr/lib --enable-nls --with-sysroot=/ --enable-clocale=gnu --enable-libstdcxx-debug --enable-libstdcxx-time=yes --with-default-libstdcxx-abi=new --enable-gnu-unique-object --disable-vtable-verify --enable-libmpx --enable-plugin --with-system-zlib --disable-browser-plugin --enable-java-awt=gtk --enable-gtk-cairo --with-java-home=/usr/lib/jvm/java-1.5.0-gcj-5-amd64/jre --enable-java-home --with-jvm-root-dir=/usr/lib/jvm/java-1.5.0-gcj-5-amd64 --with-jvm-jar-dir=/usr/lib/jvm-exports/java-1.5.0-gcj-5-amd64 --with-arch-directory=amd64 --with-ecj-jar=/usr/share/java/eclipse-ecj.jar --enable-objc-gc --enable-multiarch --disable-werror --with-arch-32=i686 --with-abi=m64 --with-multilib-list=m32,m64,mx32 --enable-multilib --with-tune=generic --enable-checking=release --build=x86_64-linux-gnu --host=x86_64-linux-gnu --target=x86_64-linux-gnu
Thread model: posix
gcc version 5.4.0 20160609 (Ubuntu 5.4.0-6ubuntu1~16.04.9) 
configure:3397: $? = 0
configure:3386: gcc -V >&5
gcc: error: unrecognized command line option '-V'
gcc: fatal error: no input files
compilation terminated.
configure:3397: $? = 1
configure:3386: gcc -qversion >&5
gcc: error: unrecognized command line option '-qversion'
gcc: fatal error: no input files
compilation terminated.
configure:3397: $? = 1
configure:3419: checking for C compiler default output file name
configure:3441: gcc    conftest.c  >&5
configure:3445: $? = 0
configure:3482: result: a.out
configure:3498: checking whether the C compiler works
configure:3507: ./a.out
configure:3511: $? = 0
configure:3526: result: yes
configure:3533: checking whether we are cross compiling
configure:3535: result: no
configure:3538: checking for suffix of executables
configure:3545: gcc -o conftest    conftest.c  >&5
configure:3549: $? = 0
configure:3571: result: 
configure:3577: checking for suffix of object files
configure:3599: gcc -c   conftest.c >&5
configure:3603: $? = 0
configure:3624: result: o
configure:3628: checking whether we are using the GNU C compiler
configure:3647: gcc -c   conftest.c >&5
configure:3647: $? = 0
configure:3656: result: yes
configure:3665: checking whether gcc accepts -g
configure:3685: gcc -c -g  conftest.c >&5
configure:3685: $? = 0
configure:3726: result: yes
configure:3743: checking for gcc option to accept ISO C89
configure:3807: gcc  -c -g -O2  conftest.c >&5
configure:3807: $? = 0
configure:3820: result: none needed
configure:3842: checking dependency style of gcc
configure:3952: result: gcc3
configure:3970: checking if gcc groks MMX intrinsics
configure:3997: gcc -c  -O -mmmx  conftest.c >&5
configure:3997: $? = 0
configure:4004: result: yes
configure:4015: checking if gcc groks MMX inline assembly
configure:4032: gcc -c   conftest.c >&5
configure:4032: $? = 0
configure:4039: result: yes
configure:4050: checking if gcc groks MMX EXT inline assembly
configure:4067: gcc -c   conftest.c >&5
configure:4067: $? = 0
configure:4074: result: yes
configure:4290: checking for gcc
configure:4317: result: gcc
configure:4546: checking for C compiler version
configure:4555: gcc --version >&5
gcc (Ubuntu 5.4.0-6ubuntu1~16.04.9) 5.4.0 20160609
Copyright (C) 2015 Free Software Foundation, Inc.
This is free software; see the source for copying conditions.  There is NO
warranty; not even for MERCHANTABILITY or FITNESS FOR A PARTICULAR PURPOSE.

configure:4566: $? = 0
configure:4555: gcc -v >&5
Using built-in specs.
COLLECT_GCC=gcc
COLLECT_LTO_WRAPPER=/usr/lib/gcc/x86_64-linux-gnu/5/lto-wrapper
Target: x86_64-linux-gnu
Configured with: ../src/configure -v --with-pkgversion='Ubuntu 5.4.0-6ubuntu1~16.04.9' --with-bugurl=file:///usr/share/doc/gcc-5/README.Bugs --enable-languages=c,ada,c++,java,go,d,fortran,objc,obj-c++ --prefix=/usr --program-suffix=-5 --enable-shared --enable-linker-build-id --libexecdir=/usr/lib --without-included-gettext --enable-threads=posix --libdir=/usr/lib --enable-nls --with-sysroot=/ --enable-clocale=gnu --enable-libstdcxx-debug --enable-libstdcxx-time=yes --with-default-libstdcxx-abi=new --enable-gnu-unique-object --disable-vtable-verify --enable-libmpx --enable-plugin --with-system-zlib --disable-browser-plugin --enable-java-awt=gtk --enable-gtk-cairo --with-java-home=/usr/lib/jvm/java-1.5.0-gcj-5-amd64/jre --enable-java-home --with-jvm-root-dir=/usr/lib/jvm/java-1.5.0-gcj-5-amd64 --with-jvm-jar-dir=/usr/lib/jvm-exports/java-1.5.0-gcj-5-amd64 --with-arch-directory=amd64 --with-ecj-jar=/usr/share/java/eclipse-ecj.jar --enable-objc-gc --enable-multiarch --disable-werror --with-arch-32=i686 --with-abi=m64 --with-multilib-list=m32,m64,mx32 --enable-multilib --with-tune=generic --enable-checking=release --build=x86_64-linux-gnu --host=x86_64-linux-gnu --target=x86_64-linux-gnu
Thread model: posix
gcc version 5.4.0 20160609 (Ubuntu 5.4.0-6ubuntu1~16.04.9) 
configure:4566: $? = 0
configure:4555: gcc -V >&5
gcc: error: unrecognized command line option '-V'
gcc: fatal error: no input files
compilation terminated.
configure:4566: $? = 1
configure:4555: gcc -qversion >&5
gcc: error: unrecognized command line option '-qversion'
gcc: fatal error: no input files
compilation terminated.
configure:4566: $? = 1
configure:4570: checking whether we are using the GNU C compiler
configure:4598: result: yes
configure:4607: checking whether gcc accepts -g
configure:4668: result: yes
configure:4685: checking for gcc option to accept ISO C89
configure:4762: result: none needed
configure:4784: checking dependency style of gcc
configure:4894: result: gcc3
configure:4934: checking for a sed that does not truncate output
configure:4998: result: /bin/sed
configure:5016: checking for grep that handles long lines and -e
configure:5074: result: /bin/grep
configure:5079: checking for egrep
configure:5141: result: /bin/grep -E
configure:5146: checking for fgrep
configure:5208: result: /bin/grep -F
configure:5243: checking for ld used by gcc
configure:5310: result: /usr/bin/ld
configure:5317: checking if the linker (/usr/bin/ld) is GNU ld
configure:5332: result: yes
configure:5344: checking for BSD- or MS-compatible name lister (nm)
configure:5393: result: /usr/bin/nm -B
configure:5511: checking the name lister (/usr/bin/nm -B) interface
configure:5518: gcc -c   conftest.c >&5
configure:5521: /usr/bin/nm -B "conftest.o"
configure:5524: output
0000000000000000 B some_variable
configure:5531: result: BSD nm
configure:5534: checking whether ln -s works
configure:5538: result: yes
configure:5546: checking the maximum length of command line arguments
configure:5666: result: 1572864
configure:5683: checking whether the shell understands some XSI constructs
configure:5693: result: yes
configure:5697: checking whether the shell understands "+="
configure:5703: result: yes
configure:5738: checking for /usr/bin/ld option to reload object files
configure:5745: result: -r
configure:5814: checking for objdump
configure:5830: found /usr/bin/objdump
configure:5841: result: objdump
configure:5873: checking how to recognize dependent libraries
configure:6069: result: pass_all
configure:6129: checking for ar
configure:6145: found /usr/bin/ar
configure:6156: result: ar
configure:6234: checking for strip
configure:6250: found /usr/bin/strip
configure:6261: result: strip
configure:6333: checking for ranlib
configure:6349: found /usr/bin/ranlib
configure:6360: result: ranlib
configure:6450: checking command to parse /usr/bin/nm -B output from gcc object
configure:6568: gcc -c   conftest.c >&5
configure:6571: $? = 0
configure:6575: /usr/bin/nm -B conftest.o \| sed -n -e 's/^.*[	 ]\([ABCDGIRSTW][ABCDGIRSTW]*\)[	 ][	 ]*\([_A-Za-z][_A-Za-z0-9]*\)$/\1 \2 \2/p' \> conftest.nm
configure:6578: $? = 0
configure:6632: gcc -o conftest    conftest.c conftstm.o >&5
configure:6635: $? = 0
configure:6673: result: ok
configure:6768: gcc -c   conftest.c >&5
configure:6771: $? = 0
configure:7481: checking how to run the C preprocessor
configure:7512: gcc -E  conftest.c
configure:7512: $? = 0
configure:7526: gcc -E  conftest.c
conftest.c:18:28: fatal error: ac_nonexistent.h: No such file or directory
compilation terminated.
configure:7526: $? = 1
configure: failed program was:
| /* confdefs.h */
| #define PACKAGE_NAME ""
| #define PACKAGE_TARNAME ""
| #define PACKAGE_VERSION ""
| #define PACKAGE_STRING ""
| #define PACKAGE_BUGREPORT ""
| #define PACKAGE_URL ""
| #define GST_PLUGIN_VERSION "0.10.0.1"
| #define GST_PLUGIN_VERSION_RELEASE "0.20180606.115839"
| #define PACKAGE "gst-webcam-input"
| #define VERSION "0.10.0.1"
| #define PACKAGE "gst-webcam-input"
| #define VERSION "0.10.0.1"
| #define HAVE_MMX_INTRINSICS 1
| #define CAN_COMPILE_MMX 1
| #define CAN_COMPILE_MMXEXT 1
| /* end confdefs.h.  */
| #include <ac_nonexistent.h>
configure:7551: result: gcc -E
configure:7571: gcc -E  conftest.c
configure:7571: $? = 0
configure:7585: gcc -E  conftest.c
conftest.c:18:28: fatal error: ac_nonexistent.h: No such file or directory
compilation terminated.
configure:7585: $? = 1
configure: failed program was:
| /* confdefs.h */
| #define PACKAGE_NAME ""
| #define PACKAGE_TARNAME ""
| #define PACKAGE_VERSION ""
| #define PACKAGE_STRING ""
| #define PACKAGE_BUGREPORT ""
| #define PACKAGE_URL ""
| #define GST_PLUGIN_VERSION "0.10.0.1"
| #define GST_PLUGIN_VERSION_RELEASE "0.20180606.115839"
| #define PACKAGE "gst-webcam-input"
| #define VERSION "0.10.0.1"
| #define PACKAGE "gst-webcam-input"
| #define VERSION "0.10.0.1"
| #define HAVE_MMX_INTRINSICS 1
| #define CAN_COMPILE_MMX 1
| #define CAN_COMPILE_MMXEXT 1
| /* end confdefs.h.  */
| #include <ac_nonexistent.h>
configure:7614: checking for ANSI C header files
configure:7634: gcc -c   conftest.c >&5
configure:7634: $? = 0
configure:7707: gcc -o conftest    conftest.c  >&5
configure:7707: $? = 0
configure:7707: ./conftest
configure:7707: $? = 0
configure:7718: result: yes
configure:7731: checking for sys/types.h
configure:7731: gcc -c   conftest.c >&5
configure:7731: $? = 0
configure:7731: result: yes
configure:7731: checking for sys/stat.h
configure:7731: gcc -c   conftest.c >&5
configure:7731: $? = 0
configure:7731: result: yes
configure:7731: checking for stdlib.h
configure:7731: gcc -c   conftest.c >&5
configure:7731: $? = 0
configure:7731: result: yes
configure:7731: checking for string.h
configure:7731: gcc -c   conftest.c >&5
configure:7731: $? = 0
configure:7731: result: yes
configure:7731: checking for memory.h
configure:7731: gcc -c   conftest.c >&5
configure:7731: $? = 0
configure:7731: result: yes
configure:7731: checking for strings.h
configure:7731: gcc -c   conftest.c >&5
configure:7731: $? = 0
configure:7731: result: yes
configure:7731: checking for inttypes.h
configure:7731: gcc -c   conftest.c >&5
configure:7731: $? = 0
configure:7731: result: yes
configure:7731: checking for stdint.h
configure:7731: gcc -c   conftest.c >&5
configure:7731: $? = 0
configure:7731: result: yes
configure:7731: checking for unistd.h
configure:7731: gcc -c   conftest.c >&5
configure:7731: $? = 0
configure:7731: result: yes
configure:7746: checking for dlfcn.h
configure:7746: gcc -c   conftest.c >&5
configure:7746: $? = 0
configure:7746: result: yes
configure:7930: checking for objdir
configure:7945: result: .libs
configure:8237: checking if gcc supports -fno-rtti -fno-exceptions
configure:8255: gcc -c   -fno-rtti -fno-exceptions conftest.c >&5
cc1: warning: command line option '-fno-rtti' is valid for C++/ObjC++ but not for C
configure:8259: $? = 0
configure:8272: result: no
configure:8292: checking for gcc option to produce PIC
configure:8564: result: -fPIC -DPIC
configure:8576: checking if gcc PIC flag -fPIC -DPIC works
configure:8594: gcc -c   -fPIC -DPIC -DPIC conftest.c >&5
configure:8598: $? = 0
configure:8611: result: yes
configure:8635: checking if gcc static flag -static works
configure:8663: result: yes
configure:8678: checking if gcc supports -c -o file.o
configure:8699: gcc -c   -o out/conftest2.o conftest.c >&5
configure:8703: $? = 0
configure:8725: result: yes
configure:8733: checking if gcc supports -c -o file.o
configure:8780: result: yes
configure:8813: checking whether the gcc linker (/usr/bin/ld -m elf_x86_64) supports shared libraries
configure:9803: result: yes
configure:9840: checking whether -lc should be explicitly linked in
configure:9845: gcc -c   conftest.c >&5
configure:9848: $? = 0
configure:9863: gcc -shared conftest.o  -v -Wl,-soname -Wl,conftest -o conftest 2\>\&1 \| /bin/grep  -lc  \>/dev/null 2\>\&1
configure:9866: $? = 0
configure:9878: result: no
configure:10042: checking dynamic linker characteristics
configure:10475: gcc -o conftest    -Wl,-rpath -Wl,/foo conftest.c  >&5
configure:10475: $? = 0
configure:10705: result: GNU/Linux ld.so
configure:10807: checking how to hardcode library paths into programs
configure:10832: result: immediate
configure:11352: checking whether stripping libraries is possible
configure:11357: result: yes
configure:11392: checking if libtool supports shared libraries
configure:11394: result: yes
configure:11397: checking whether to build shared libraries
configure:11418: result: yes
configure:11421: checking whether to build static libraries
configure:11425: result: yes
configure:11463: checking to see if compiler understands -Wall
configure:11480: gcc -c  -Wall  conftest.c >&5
configure:11480: $? = 0
configure:11495: result: yes
configure:11504: checking to see if compiler understands -Werror
configure:11521: gcc -c  -Werror  conftest.c >&5
configure:11521: $? = 0
configure:11536: result: yes
configure:11544: checking for pkg-config
configure:11560: found /usr/bin/pkg-config
configure:11572: result: yes
configure:11636: checking for pkg-config
configure:11654: found /usr/bin/pkg-config
configure:11666: result: /usr/bin/pkg-config
configure:11691: checking pkg-config is at least version 0.9.0
configure:11694: result: yes
configure:11705: checking for GST
configure:11714: $PKG_CONFIG --exists --print-errors "\
  gstreamer-$GST_MAJORMINOR >= $GST_REQUIRED"
configure:11718: $? = 0
configure:11735: $PKG_CONFIG --exists --print-errors "\
  gstreamer-$GST_MAJORMINOR >= $GST_REQUIRED"
configure:11739: $? = 0
configure:11778: result: yes
configure:11796: checking for GTK
configure:11804: $PKG_CONFIG --exists --print-errors ""gtk+-2.0""
configure:11807: $? = 0
configure:11822: $PKG_CONFIG --exists --print-errors ""gtk+-2.0""
configure:11825: $? = 0
configure:11861: result: yes
configure:11876: checking for XTST
configure:11884: $PKG_CONFIG --exists --print-errors ""xtst""
configure:11887: $? = 0
configure:11902: $PKG_CONFIG --exists --print-errors ""xtst""
configure:11905: $? = 0
configure:11941: result: yes
configure:11955: checking for X11
configure:11963: $PKG_CONFIG --exists --print-errors ""x11""
configure:11966: $? = 0
configure:11981: $PKG_CONFIG --exists --print-errors ""x11""
configure:11984: $? = 0
configure:12020: result: yes
configure:12034: checking for LIBUNIQUE
configure:12042: $PKG_CONFIG --exists --print-errors "unique-1.0"
configure:12045: $? = 0
configure:12060: $PKG_CONFIG --exists --print-errors "unique-1.0"
configure:12063: $? = 0
configure:12099: result: yes
configure:12115: checking for LIBLO
configure:12123: $PKG_CONFIG --exists --print-errors "liblo"
configure:12126: $? = 0
configure:12141: $PKG_CONFIG --exists --print-errors "liblo"
configure:12144: $? = 0
configure:12180: result: yes
configure:12194: checking for GST_BASE
configure:12202: $PKG_CONFIG --exists --print-errors "gstreamer-base-$GST_MAJORMINOR >= $GST_REQUIRED"
configure:12205: $? = 0
configure:12220: $PKG_CONFIG --exists --print-errors "gstreamer-base-$GST_MAJORMINOR >= $GST_REQUIRED"
configure:12223: $? = 0
configure:12259: result: yes
configure:12274: checking for GSTPB_BASE
configure:12282: $PKG_CONFIG --exists --print-errors "gstreamer-plugins-base-$GST_MAJORMINOR >= $GSTPB_REQUIRED"
configure:12285: $? = 0
configure:12300: $PKG_CONFIG --exists --print-errors "gstreamer-plugins-base-$GST_MAJORMINOR >= $GSTPB_REQUIRED"
configure:12303: $? = 0
configure:12339: result: yes
configure:12354: checking for GST_INTERFACE
configure:12362: $PKG_CONFIG --exists --print-errors "gstreamer-interfaces-$GST_MAJORMINOR >= $GST_REQUIRED"
configure:12365: $? = 0
configure:12380: $PKG_CONFIG --exists --print-errors "gstreamer-interfaces-$GST_MAJORMINOR >= $GST_REQUIRED"
configure:12383: $? = 0
configure:12419: result: yes
configure:12434: checking for GSTCTRL
configure:12442: $PKG_CONFIG --exists --print-errors "gstreamer-controller-$GST_MAJORMINOR >= $GSTPB_REQUIRED"
configure:12445: $? = 0
configure:12460: $PKG_CONFIG --exists --print-errors "gstreamer-controller-$GST_MAJORMINOR >= $GSTPB_REQUIRED"
configure:12463: $? = 0
configure:12499: result: yes
configure:12670: creating ./config.status

## ---------------------- ##
## Running config.status. ##
## ---------------------- ##

This file was extended by config.status, which was
generated by GNU Autoconf 2.64.  Invocation command line was

  CONFIG_FILES    = 
  CONFIG_HEADERS  = 
  CONFIG_LINKS    = 
  CONFIG_COMMANDS = 
  $ ./config.status 

on presence1

config.status:1127: creating Makefile
config.status:1127: creating m4/Makefile
config.status:1127: creating src/Makefile
config.status:1127: creating src/gst-plugin/Makefile
config.status:1127: creating src/appl/Makefile
config.status:1127: creating src/appl/gst-webcam-input.conf
config.status:1127: creating config.h
config.status:1347: executing depfiles commands
config.status:1347: executing libtool commands

## ---------------- ##
## Cache variables. ##
## ---------------- ##

ac_cv_build=x86_64-unknown-linux-gnu
ac_cv_c_compiler_gnu=yes
ac_cv_c_mmx_intrinsics=yes
ac_cv_env_CC_set=
ac_cv_env_CC_value=
ac_cv_env_CFLAGS_set=
ac_cv_env_CFLAGS_value=
ac_cv_env_CPPFLAGS_set=
ac_cv_env_CPPFLAGS_value=
ac_cv_env_CPP_set=
ac_cv_env_CPP_value=
ac_cv_env_GSTCTRL_CFLAGS_set=
ac_cv_env_GSTCTRL_CFLAGS_value=
ac_cv_env_GSTCTRL_LIBS_set=
ac_cv_env_GSTCTRL_LIBS_value=
ac_cv_env_GSTPB_BASE_CFLAGS_set=
ac_cv_env_GSTPB_BASE_CFLAGS_value=
ac_cv_env_GSTPB_BASE_LIBS_set=
ac_cv_env_GSTPB_BASE_LIBS_value=
ac_cv_env_GST_BASE_CFLAGS_set=
ac_cv_env_GST_BASE_CFLAGS_value=
ac_cv_env_GST_BASE_LIBS_set=
ac_cv_env_GST_BASE_LIBS_value=
ac_cv_env_GST_CFLAGS_set=
ac_cv_env_GST_CFLAGS_value=
ac_cv_env_GST_INTERFACE_CFLAGS_set=
ac_cv_env_GST_INTERFACE_CFLAGS_value=
ac_cv_env_GST_INTERFACE_LIBS_set=
ac_cv_env_GST_INTERFACE_LIBS_value=
ac_cv_env_GST_LIBS_set=
ac_cv_env_GST_LIBS_value=
ac_cv_env_GTK_CFLAGS_set=
ac_cv_env_GTK_CFLAGS_value=
ac_cv_env_GTK_LIBS_set=
ac_cv_env_GTK_LIBS_value=
ac_cv_env_LDFLAGS_set=
ac_cv_env_LDFLAGS_value=
ac_cv_env_LIBLO_CFLAGS_set=
ac_cv_env_LIBLO_CFLAGS_value=
ac_cv_env_LIBLO_LIBS_set=
ac_cv_env_LIBLO_LIBS_value=
ac_cv_env_LIBS_set=
ac_cv_env_LIBS_value=
ac_cv_env_LIBUNIQUE_CFLAGS_set=
ac_cv_env_LIBUNIQUE_CFLAGS_value=
ac_cv_env_LIBUNIQUE_LIBS_set=
ac_cv_env_LIBUNIQUE_LIBS_value=
ac_cv_env_PKG_CONFIG_set=
ac_cv_env_PKG_CONFIG_value=
ac_cv_env_X11_CFLAGS_set=
ac_cv_env_X11_CFLAGS_value=
ac_cv_env_X11_LIBS_set=
ac_cv_env_X11_LIBS_value=
ac_cv_env_XTST_CFLAGS_set=
ac_cv_env_XTST_CFLAGS_value=
ac_cv_env_XTST_LIBS_set=
ac_cv_env_XTST_LIBS_value=
ac_cv_env_build_alias_set=
ac_cv_env_build_alias_value=
ac_cv_env_host_alias_set=
ac_cv_env_host_alias_value=
ac_cv_env_target_alias_set=
ac_cv_env_target_alias_value=
ac_cv_header_dlfcn_h=yes
ac_cv_header_inttypes_h=yes
ac_cv_header_memory_h=yes
ac_cv_header_stdc=yes
ac_cv_header_stdint_h=yes
ac_cv_header_stdlib_h=yes
ac_cv_header_string_h=yes
ac_cv_header_strings_h=yes
ac_cv_header_sys_stat_h=yes
ac_cv_header_sys_types_h=yes
ac_cv_header_unistd_h=yes
ac_cv_host=x86_64-unknown-linux-gnu
ac_cv_iwmmxt_inline=no
ac_cv_mmx_inline=yes
ac_cv_mmxext_inline=yes
ac_cv_neon_inline=no
ac_cv_objext=o
ac_cv_path_EGREP='/bin/grep -E'
ac_cv_path_FGREP='/bin/grep -F'
ac_cv_path_GREP=/bin/grep
ac_cv_path_SED=/bin/sed
ac_cv_path_ac_pt_PKG_CONFIG=/usr/bin/pkg-config
ac_cv_path_install='/usr/bin/install -c'
ac_cv_path_mkdir=/bin/mkdir
ac_cv_prog_AWK=gawk
ac_cv_prog_CPP='gcc -E'
ac_cv_prog_HAVE_PKGCONFIG=yes
ac_cv_prog_ac_ct_AR=ar
ac_cv_prog_ac_ct_CC=gcc
ac_cv_prog_ac_ct_OBJDUMP=objdump
ac_cv_prog_ac_ct_RANLIB=ranlib
ac_cv_prog_ac_ct_STRIP=strip
ac_cv_prog_cc_c89=
ac_cv_prog_cc_g=yes
ac_cv_prog_make_make_set=yes
am_cv_CC_dependencies_compiler_type=gcc3
lt_cv_deplibs_check_method=pass_all
lt_cv_file_magic_cmd='$MAGIC_CMD'
lt_cv_file_magic_test_file=
lt_cv_ld_reload_flag=-r
lt_cv_nm_interface='BSD nm'
lt_cv_objdir=.libs
lt_cv_path_LD=/usr/bin/ld
lt_cv_path_NM='/usr/bin/nm -B'
lt_cv_prog_compiler_c_o=yes
lt_cv_prog_compiler_pic_works=yes
lt_cv_prog_compiler_rtti_exceptions=no
lt_cv_prog_compiler_static_works=yes
lt_cv_prog_gnu_ld=yes
lt_cv_sys_global_symbol_pipe='sed -n -e '\''s/^.*[	 ]\([ABCDGIRSTW][ABCDGIRSTW]*\)[	 ][	 ]*\([_A-Za-z][_A-Za-z0-9]*\)$/\1 \2 \2/p'\'''
lt_cv_sys_global_symbol_to_c_name_address='sed -n -e '\''s/^: \([^ ]*\) $/  {\"\1\", (void *) 0},/p'\'' -e '\''s/^[ABCDGIRSTW]* \([^ ]*\) \([^ ]*\)$/  {"\2", (void *) \&\2},/p'\'''
lt_cv_sys_global_symbol_to_c_name_address_lib_prefix='sed -n -e '\''s/^: \([^ ]*\) $/  {\"\1\", (void *) 0},/p'\'' -e '\''s/^[ABCDGIRSTW]* \([^ ]*\) \(lib[^ ]*\)$/  {"\2", (void *) \&\2},/p'\'' -e '\''s/^[ABCDGIRSTW]* \([^ ]*\) \([^ ]*\)$/  {"lib\2", (void *) \&\2},/p'\'''
lt_cv_sys_global_symbol_to_cdecl='sed -n -e '\''s/^T .* \(.*\)$/extern int \1();/p'\'' -e '\''s/^[ABCDGIRSTW]* .* \(.*\)$/extern char \1;/p'\'''
lt_cv_sys_max_cmd_len=1572864
pkg_cv_GSTCTRL_CFLAGS='-pthread -I/usr/include/gstreamer-0.10 -I/usr/include/glib-2.0 -I/usr/lib/x86_64-linux-gnu/glib-2.0/include -I/usr/include/libxml2'
pkg_cv_GSTCTRL_LIBS='-lgstcontroller-0.10 -lgstreamer-0.10 -lgobject-2.0 -lgmodule-2.0 -pthread -lgthread-2.0 -pthread -lglib-2.0 -lxml2'
pkg_cv_GSTPB_BASE_CFLAGS='-pthread -I/usr/include/gstreamer-0.10 -I/usr/include/glib-2.0 -I/usr/lib/x86_64-linux-gnu/glib-2.0/include -I/usr/include/libxml2'
pkg_cv_GSTPB_BASE_LIBS='-lgstreamer-0.10 -lgobject-2.0 -lgmodule-2.0 -pthread -lgthread-2.0 -pthread -lglib-2.0 -lxml2'
pkg_cv_GST_BASE_CFLAGS='-pthread -I/usr/include/gstreamer-0.10 -I/usr/include/glib-2.0 -I/usr/lib/x86_64-linux-gnu/glib-2.0/include -I/usr/include/libxml2'
pkg_cv_GST_BASE_LIBS='-lgstbase-0.10 -lgstreamer-0.10 -lgobject-2.0 -lgmodule-2.0 -pthread -lgthread-2.0 -pthread -lglib-2.0 -lxml2'
pkg_cv_GST_CFLAGS='-pthread -I/usr/include/gstreamer-0.10 -I/usr/include/glib-2.0 -I/usr/lib/x86_64-linux-gnu/glib-2.0/include -I/usr/include/libxml2'
pkg_cv_GST_INTERFACE_CFLAGS='-pthread -I/usr/include/gstreamer-0.10 -I/usr/include/glib-2.0 -I/usr/lib/x86_64-linux-gnu/glib-2.0/include -I/usr/include/libxml2'
pkg_cv_GST_INTERFACE_LIBS='-lgstinterfaces-0.10 -lgstreamer-0.10 -lgobject-2.0 -lgmodule-2.0 -pthread -lgthread-2.0 -pthread -lglib-2.0 -lxml2'
pkg_cv_GST_LIBS='-lgstreamer-0.10 -lgobject-2.0 -lgmodule-2.0 -pthread -lgthread-2.0 -pthread -lglib-2.0 -lxml2'
pkg_cv_GTK_CFLAGS='-pthread -I/usr/include/gtk-2.0 -I/usr/lib/x86_64-linux-gnu/gtk-2.0/include -I/usr/include/gio-unix-2.0/ -I/usr/include/cairo -I/usr/include/pango-1.0 -I/usr/include/atk-1.0 -I/usr/include/cairo -I/usr/include/pixman-1 -I/usr/include/libpng12 -I/usr/include/gdk-pixbuf-2.0 -I/usr/include/libpng12 -I/usr/include/pango-1.0 -I/usr/include/harfbuzz -I/usr/include/pango-1.0 -I/usr/include/glib-2.0 -I/usr/lib/x86_64-linux-gnu/glib-2.0/include -I/usr/include/freetype2'
pkg_cv_GTK_LIBS='-lgtk-x11-2.0 -lgdk-x11-2.0 -lpangocairo-1.0 -latk-1.0 -lcairo -lgdk_pixbuf-2.0 -lgio-2.0 -lpangoft2-1.0 -lpango-1.0 -lgobject-2.0 -lglib-2.0 -lfontconfig -lfreetype'
pkg_cv_LIBLO_CFLAGS=
pkg_cv_LIBLO_LIBS='-llo -lpthread'
pkg_cv_LIBUNIQUE_CFLAGS='-pthread -I/usr/include/gtk-2.0 -I/usr/lib/x86_64-linux-gnu/gtk-2.0/include -I/usr/include/gio-unix-2.0/ -I/usr/include/cairo -I/usr/include/pango-1.0 -I/usr/include/atk-1.0 -I/usr/include/cairo -I/usr/include/pixman-1 -I/usr/include/libpng12 -I/usr/include/gdk-pixbuf-2.0 -I/usr/include/libpng12 -I/usr/include/pango-1.0 -I/usr/include/harfbuzz -I/usr/include/pango-1.0 -I/usr/include/glib-2.0 -I/usr/lib/x86_64-linux-gnu/glib-2.0/include -I/usr/include/freetype2 -I/usr/include/unique-1.0'
pkg_cv_LIBUNIQUE_LIBS='-lunique-1.0 -lgtk-x11-2.0 -lgdk-x11-2.0 -lpangocairo-1.0 -latk-1.0 -lcairo -lgdk_pixbuf-2.0 -lgio-2.0 -lpangoft2-1.0 -lpango-1.0 -lgobject-2.0 -lglib-2.0 -lfontconfig -lfreetype'
pkg_cv_X11_CFLAGS=
pkg_cv_X11_LIBS=-lX11
pkg_cv_XTST_CFLAGS=
pkg_cv_XTST_LIBS=-lXtst

## ----------------- ##
## Output variables. ##
## ----------------- ##

ACLOCAL='${SHELL} /home/companion/Desktop/g-streamer/gst-webcam-input-0.10.0.1/missing --run aclocal-1.11'
ACLOCAL_AMFLAGS='-I m4'
AMDEPBACKSLASH='\'
AMDEP_FALSE='#'
AMDEP_TRUE=''
AMTAR='${SHELL} /home/companion/Desktop/g-streamer/gst-webcam-input-0.10.0.1/missing --run tar'
AR='ar'
ARM_IWMMXT_CFLAGS=''
ARM_NEON_CFLAGS=''
AUTOCONF='${SHELL} /home/companion/Desktop/g-streamer/gst-webcam-input-0.10.0.1/missing --run autoconf'
AUTOHEADER='${SHELL} /home/companion/Desktop/g-streamer/gst-webcam-input-0.10.0.1/missing --run autoheader'
AUTOMAKE='${SHELL} /home/companion/Desktop/g-streamer/gst-webcam-input-0.10.0.1/missing --run automake-1.11'
AWK='gawk'
CC='gcc'
CCDEPMODE='depmode=gcc3'
CFLAGS=''
CPP='gcc -E'
CPPFLAGS=''
CYGPATH_W='echo'
DEFAULT_INPUT_DRIVER='X11 single touch driver'
DEFS='-DHAVE_CONFIG_H'
DEPDIR='.deps'
DSYMUTIL=''
DUMPBIN=''
ECHO_C=''
ECHO_N='-n'
ECHO_T=''
EGREP='/bin/grep -E'
EXEEXT=''
FGREP='/bin/grep -F'
GREP='/bin/grep'
GSTCTRL_CFLAGS='-pthread -I/usr/include/gstreamer-0.10 -I/usr/include/glib-2.0 -I/usr/lib/x86_64-linux-gnu/glib-2.0/include -I/usr/include/libxml2'
GSTCTRL_LIBS='-lgstcontroller-0.10 -lgstreamer-0.10 -lgobject-2.0 -lgmodule-2.0 -pthread -lgthread-2.0 -pthread -lglib-2.0 -lxml2'
GSTPB_BASE_CFLAGS='-pthread -I/usr/include/gstreamer-0.10 -I/usr/include/glib-2.0 -I/usr/lib/x86_64-linux-gnu/glib-2.0/include -I/usr/include/libxml2'
GSTPB_BASE_LIBS='-lgstreamer-0.10 -lgobject-2.0 -lgmodule-2.0 -pthread -lgthread-2.0 -pthread -lglib-2.0 -lxml2'
GST_BASE_CFLAGS='-pthread -I/usr/include/gstreamer-0.10 -I/usr/include/glib-2.0 -I/usr/lib/x86_64-linux-gnu/glib-2.0/include -I/usr/include/libxml2'
GST_BASE_LIBS='-lgstbase-0.10 -lgstreamer-0.10 -lgobject-2.0 -lgmodule-2.0 -pthread -lgthread-2.0 -pthread -lglib-2.0 -lxml2'
GST_CFLAGS='-pthread -I/usr/include/gstreamer-0.10 -I/usr/include/glib-2.0 -I/usr/lib/x86_64-linux-gnu/glib-2.0/include -I/usr/include/libxml2  -Wall -Werror'
GST_INTERFACE_CFLAGS='-pthread -I/usr/include/gstreamer-0.10 -I/usr/include/glib-2.0 -I/usr/lib/x86_64-linux-gnu/glib-2.0/include -I/usr/include/libxml2'
GST_INTERFACE_LIBS='-lgstinterfaces-0.10 -lgstreamer-0.10 -lgobject-2.0 -lgmodule-2.0 -pthread -lgthread-2.0 -pthread -lglib-2.0 -lxml2'
GST_LIBS='-lgstreamer-0.10 -lgobject-2.0 -lgmodule-2.0 -pthread -lgthread-2.0 -pthread -lglib-2.0 -lxml2'
GST_MAJORMINOR='0.10'
GST_PLUGIN_LDFLAGS='-module -avoid-version -export-symbols-regex _*\(gst_\|Gst\|GST_\).*'
GST_PLUGIN_VERSION='0.10.0.1'
GST_PLUGIN_VERSION_MAJOR='0'
GST_PLUGIN_VERSION_MICRO='0'
GST_PLUGIN_VERSION_MINOR='10'
GST_PLUGIN_VERSION_NANO='1'
GST_PLUGIN_VERSION_RELEASE='0.20180606.115839'
GTK_CFLAGS='-pthread -I/usr/include/gtk-2.0 -I/usr/lib/x86_64-linux-gnu/gtk-2.0/include -I/usr/include/gio-unix-2.0/ -I/usr/include/cairo -I/usr/include/pango-1.0 -I/usr/include/atk-1.0 -I/usr/include/cairo -I/usr/include/pixman-1 -I/usr/include/libpng12 -I/usr/include/gdk-pixbuf-2.0 -I/usr/include/libpng12 -I/usr/include/pango-1.0 -I/usr/include/harfbuzz -I/usr/include/pango-1.0 -I/usr/include/glib-2.0 -I/usr/lib/x86_64-linux-gnu/glib-2.0/include -I/usr/include/freetype2'
GTK_LIBS='-lgtk-x11-2.0 -lgdk-x11-2.0 -lpangocairo-1.0 -latk-1.0 -lcairo -lgdk_pixbuf-2.0 -lgio-2.0 -lpangoft2-1.0 -lpango-1.0 -lgobject-2.0 -lglib-2.0 -lfontconfig -lfreetype'
HAVE_ARM_IWMMXT_FALSE=''
HAVE_ARM_IWMMXT_TRUE='#'
HAVE_ARM_NEON_FALSE=''
HAVE_ARM_NEON_TRUE='#'
HAVE_MMXEXT_FALSE='#'
HAVE_MMXEXT_TRUE=''
HAVE_MMX_FALSE='#'
HAVE_MMX_TRUE=''
HAVE_PKGCONFIG='yes'
INSTALL_DATA='${INSTALL} -m 644'
INSTALL_PROGRAM='${INSTALL}'
INSTALL_SCRIPT='${INSTALL}'
INSTALL_STRIP_PROGRAM='$(install_sh) -c -s'
LD='/usr/bin/ld -m elf_x86_64'
LDFLAGS=''
LIBLO_CFLAGS=''
LIBLO_LIBS='-llo -lpthread'
LIBOBJS=''
LIBS=''
LIBTOOL='$(SHELL) $(top_builddir)/libtool'
LIBUNIQUE_CFLAGS='-pthread -I/usr/include/gtk-2.0 -I/usr/lib/x86_64-linux-gnu/gtk-2.0/include -I/usr/include/gio-unix-2.0/ -I/usr/include/cairo -I/usr/include/pango-1.0 -I/usr/include/atk-1.0 -I/usr/include/cairo -I/usr/include/pixman-1 -I/usr/include/libpng12 -I/usr/include/gdk-pixbuf-2.0 -I/usr/include/libpng12 -I/usr/include/pango-1.0 -I/usr/include/harfbuzz -I/usr/include/pango-1.0 -I/usr/include/glib-2.0 -I/usr/lib/x86_64-linux-gnu/glib-2.0/include -I/usr/include/freetype2 -I/usr/include/unique-1.0'
LIBUNIQUE_LIBS='-lunique-1.0 -lgtk-x11-2.0 -lgdk-x11-2.0 -lpangocairo-1.0 -latk-1.0 -lcairo -lgdk_pixbuf-2.0 -lgio-2.0 -lpangoft2-1.0 -lpango-1.0 -lgobject-2.0 -lglib-2.0 -lfontconfig -lfreetype'
LIPO=''
LN_S='ln -s'
LTLIBOBJS=''
MAINT='#'
MAINTAINER_MODE_FALSE=''
MAINTAINER_MODE_TRUE='#'
MAKEINFO='${SHELL} /home/companion/Desktop/g-streamer/gst-webcam-input-0.10.0.1/missing --run makeinfo'
MKDIR_P='/bin/mkdir -p'
MMX_CFLAGS='-mmmx'
NM='/usr/bin/nm -B'
NMEDIT=''
OBJDUMP='objdump'
OBJEXT='o'
OTOOL64=''
OTOOL=''
PACKAGE='gst-webcam-input'
PACKAGE_BUGREPORT=''
PACKAGE_NAME=''
PACKAGE_STRING=''
PACKAGE_TARNAME=''
PACKAGE_URL=''
PACKAGE_VERSION=''
PATH_SEPARATOR=':'
PKG_CONFIG='/usr/bin/pkg-config'
PLATFORM_WIN32_FALSE=''
PLATFORM_WIN32_TRUE='#'
RANLIB='ranlib'
SED='/bin/sed'
SET_MAKE=''
SHELL='/bin/bash'
STRIP='strip'
VERSION='0.10.0.1'
X11_CFLAGS=''
X11_LIBS='-lX11'
XTST_CFLAGS=''
XTST_LIBS='-lXtst'
ac_ct_CC='gcc'
ac_ct_DUMPBIN=''
am__EXEEXT_FALSE=''
am__EXEEXT_TRUE='#'
am__fastdepCC_FALSE='#'
am__fastdepCC_TRUE=''
am__include='include'
am__isrc=''
am__leading_dot='.'
am__quote=''
am__tar='${AMTAR} chof - "$$tardir"'
am__untar='${AMTAR} xf -'
bindir='${exec_prefix}/bin'
build='x86_64-unknown-linux-gnu'
build_alias=''
build_cpu='x86_64'
build_os='linux-gnu'
build_vendor='unknown'
datadir='${datarootdir}'
datarootdir='${prefix}/share'
docdir='${datarootdir}/doc/${PACKAGE}'
dvidir='${docdir}'
exec_prefix='${prefix}'
host='x86_64-unknown-linux-gnu'
host_alias=''
host_cpu='x86_64'
host_os='linux-gnu'
host_vendor='unknown'
htmldir='${docdir}'
includedir='${prefix}/include'
infodir='${datarootdir}/info'
install_sh='${SHELL} /home/companion/Desktop/g-streamer/gst-webcam-input-0.10.0.1/install-sh'
libdir='${exec_prefix}/lib'
libexecdir='${exec_prefix}/libexec'
localedir='${datarootdir}/locale'
localstatedir='${prefix}/var'
lt_ECHO='echo'
mandir='${datarootdir}/man'
mkdir_p='/bin/mkdir -p'
oldincludedir='/usr/include'
pdfdir='${docdir}'
plugindir='$(libdir)/gstreamer-0.10'
prefix='/usr'
program_transform_name='s,x,x,'
psdir='${docdir}'
sbindir='${exec_prefix}/sbin'
sharedstatedir='${prefix}/com'
sysconfdir='${prefix}/etc'
target_alias=''

## ----------- ##
## confdefs.h. ##
## ----------- ##

/* confdefs.h */
#define PACKAGE_NAME ""
#define PACKAGE_TARNAME ""
#define PACKAGE_VERSION ""
#define PACKAGE_STRING ""
#define PACKAGE_BUGREPORT ""
#define PACKAGE_URL ""
#define GST_PLUGIN_VERSION "0.10.0.1"
#define GST_PLUGIN_VERSION_RELEASE "0.20180606.115839"
#define PACKAGE "gst-webcam-input"
#define VERSION "0.10.0.1"
#define PACKAGE "gst-webcam-input"
#define VERSION "0.10.0.1"
#define HAVE_MMX_INTRINSICS 1
#define CAN_COMPILE_MMX 1
#define CAN_COMPILE_MMXEXT 1
#define STDC_HEADERS 1
#define HAVE_SYS_TYPES_H 1
#define HAVE_SYS_STAT_H 1
#define HAVE_STDLIB_H 1
#define HAVE_STRING_H 1
#define HAVE_MEMORY_H 1
#define HAVE_STRINGS_H 1
#define HAVE_INTTYPES_H 1
#define HAVE_STDINT_H 1
#define HAVE_UNISTD_H 1
#define HAVE_DLFCN_H 1
#define LT_OBJDIR ".libs/"

configure: exit 0
